Performing C++ SOURCE FILE Test CMAKE_HAVE_LIBC_PTHREAD failed with the following output:
Change Dir: /home/rijesh/research/compVisionModule/ground_component/build/CMakeFiles/CMakeTmp

Run Build Command(s):/usr/bin/make cmTC_bde6b/fast && /usr/bin/make  -f CMakeFiles/cmTC_bde6b.dir/build.make CMakeFiles/cmTC_bde6b.dir/build
make[1]: Entering directory '/home/rijesh/research/compVisionModule/ground_component/build/CMakeFiles/CMakeTmp'
Building CXX object CMakeFiles/cmTC_bde6b.dir/src.cxx.o
/usr/lib/ccache/c++ -DCMAKE_HAVE_LIBC_PTHREAD  -std=gnu++17 -o CMakeFiles/cmTC_bde6b.dir/src.cxx.o -c /home/rijesh/research/compVisionModule/ground_component/build/CMakeFiles/CMakeTmp/src.cxx
Linking CXX executable cmTC_bde6b
/home/rijesh/packages/cmake_install/bin/cmake -E cmake_link_script CMakeFiles/cmTC_bde6b.dir/link.txt --verbose=1
/usr/lib/ccache/c++ CMakeFiles/cmTC_bde6b.dir/src.cxx.o -o cmTC_bde6b 
CMakeFiles/cmTC_bde6b.dir/src.cxx.o: In function `main':
src.cxx:(.text+0x3e): undefined reference to `pthread_create'
src.cxx:(.text+0x4a): undefined reference to `pthread_detach'
src.cxx:(.text+0x56): undefined reference to `pthread_cancel'
src.cxx:(.text+0x67): undefined reference to `pthread_join'
src.cxx:(.text+0x7b): undefined reference to `pthread_atfork'
collect2: error: ld returned 1 exit status
CMakeFiles/cmTC_bde6b.dir/build.make:105: recipe for target 'cmTC_bde6b' failed
make[1]: *** [cmTC_bde6b] Error 1
make[1]: Leaving directory '/home/rijesh/research/compVisionModule/ground_component/build/CMakeFiles/CMakeTmp'
Makefile:140: recipe for target 'cmTC_bde6b/fast' failed
make: *** [cmTC_bde6b/fast] Error 2


Source file was:
#include <pthread.h>

static void* test_func(void* data)
{
  return data;
}

int main(void)
{
  pthread_t thread;
  pthread_create(&thread, NULL, test_func, NULL);
  pthread_detach(thread);
  pthread_cancel(thread);
  pthread_join(thread, NULL);
  pthread_atfork(NULL, NULL, NULL);
  pthread_exit(NULL);

  return 0;
}

